[0.023s] Invoking command in '/home/express/Code/2024-2025-Robot-Code/build/rs_package': CMAKE_PREFIX_PATH=${CMAKE_PREFIX_PATH}:/opt/ros/jazzy DEBUGINFOD_URLS=https://debuginfod.ubuntu.com /usr/bin/cmake /home/express/Code/2024-2025-Robot-Code/ROS/RS_Package -DCMAKE_INSTALL_PREFIX=/home/express/Code/2024-2025-Robot-Code/install/rs_package
[0.151s] -- The C compiler identification is GNU 13.2.0
[0.286s] -- The CXX compiler identification is GNU 13.2.0
[0.333s] -- Detecting C compiler ABI info
[0.576s] -- Detecting C compiler ABI info - done
[0.619s] -- Check for working C compiler: /usr/bin/cc - skipped
[0.620s] -- Detecting C compile features
[0.622s] -- Detecting C compile features - done
[0.654s] -- Detecting CXX compiler ABI info
[0.912s] -- Detecting CXX compiler ABI info - done
[0.954s] -- Check for working CXX compiler: /usr/bin/c++ - skipped
[0.956s] -- Detecting CXX compile features
[0.958s] -- Detecting CXX compile features - done
[0.971s] -- Found ament_cmake: 2.5.2 (/opt/ros/jazzy/share/ament_cmake/cmake)
[1.320s] -- Found Python3: /usr/bin/python3 (found version "3.12.3") found components: Interpreter 
[1.601s] -- Found rclcpp: 28.1.5 (/opt/ros/jazzy/share/rclcpp/cmake)
[1.708s] -- Found rosidl_generator_c: 4.6.4 (/opt/ros/jazzy/share/rosidl_generator_c/cmake)
[1.747s] -- Found rosidl_generator_cpp: 4.6.4 (/opt/ros/jazzy/share/rosidl_generator_cpp/cmake)
[1.791s] -- Using all available rosidl_typesupport_c: rosidl_typesupport_fastrtps_c;rosidl_typesupport_introspection_c
[1.840s] -- Using all available rosidl_typesupport_cpp: rosidl_typesupport_fastrtps_cpp;rosidl_typesupport_introspection_cpp
[2.037s] -- Found rmw_implementation_cmake: 7.3.1 (/opt/ros/jazzy/share/rmw_implementation_cmake/cmake)
[2.045s] -- Found rmw_fastrtps_cpp: 8.4.1 (/opt/ros/jazzy/share/rmw_fastrtps_cpp/cmake)
[2.254s] -- Found OpenSSL: /usr/lib/x86_64-linux-gnu/libcrypto.so (found version "3.0.13")  
[2.302s] -- Found FastRTPS: /opt/ros/jazzy/include (Required is at least version "2.13") 
[2.356s] -- Using RMW implementation 'rmw_fastrtps_cpp' as default
[2.537s] -- Found joy: 3.3.0 (/opt/ros/jazzy/share/joy/cmake)
[2.708s] -- Found teleop_twist_joy: 2.6.2 (/opt/ros/jazzy/share/teleop_twist_joy/cmake)
[2.718s] -- Found ament_lint_auto: 0.17.1 (/opt/ros/jazzy/share/ament_lint_auto/cmake)
[2.889s] [31mCMake Error at /opt/ros/jazzy/share/ament_cmake_core/cmake/core/ament_package_xml.cmake:53 (message):
[2.889s]   ament_package_xml() package name 'rs_package' in '/package.xml' does not
[2.889s]   match current PROJECT_NAME 'RS_Package'.  You must call project() with the
[2.890s]   same package name before.
[2.890s] Call Stack (most recent call first):
[2.890s]   /opt/ros/jazzy/share/ament_lint_auto/cmake/ament_lint_auto_find_test_dependencies.cmake:31 (ament_package_xml)
[2.890s]   CMakeLists.txt:24 (ament_lint_auto_find_test_dependencies)
[2.890s] 
[2.890s] [0m
[2.891s] -- Configuring incomplete, errors occurred!
[2.910s] Invoked command in '/home/express/Code/2024-2025-Robot-Code/build/rs_package' returned '1': CMAKE_PREFIX_PATH=${CMAKE_PREFIX_PATH}:/opt/ros/jazzy DEBUGINFOD_URLS=https://debuginfod.ubuntu.com /usr/bin/cmake /home/express/Code/2024-2025-Robot-Code/ROS/RS_Package -DCMAKE_INSTALL_PREFIX=/home/express/Code/2024-2025-Robot-Code/install/rs_package
