-- Found ament_cmake: 2.5.2 (/opt/ros/jazzy/share/ament_cmake/cmake)
-- Found rclcpp: 28.1.5 (/opt/ros/jazzy/share/rclcpp/cmake)
-- Found rosidl_generator_c: 4.6.4 (/opt/ros/jazzy/share/rosidl_generator_c/cmake)
-- Found rosidl_generator_cpp: 4.6.4 (/opt/ros/jazzy/share/rosidl_generator_cpp/cmake)
-- Using all available rosidl_typesupport_c: rosidl_typesupport_fastrtps_c;rosidl_typesupport_introspection_c
-- Using all available rosidl_typesupport_cpp: rosidl_typesupport_fastrtps_cpp;rosidl_typesupport_introspection_cpp
-- Found rmw_implementation_cmake: 7.3.1 (/opt/ros/jazzy/share/rmw_implementation_cmake/cmake)
-- Found rmw_fastrtps_cpp: 8.4.1 (/opt/ros/jazzy/share/rmw_fastrtps_cpp/cmake)
-- Using RMW implementation 'rmw_fastrtps_cpp' as default
-- Found joy: 3.3.0 (/opt/ros/jazzy/share/joy/cmake)
-- Found teleop_twist_joy: 2.6.2 (/opt/ros/jazzy/share/teleop_twist_joy/cmake)
-- Found ament_lint_auto: 0.17.1 (/opt/ros/jazzy/share/ament_lint_auto/cmake)
WARNING: Package name "RS_Package" does not follow the naming conventions. It should start with a lower case letter and only contain lower case letters, digits, underscores, and dashes.
-- Added test 'flake8' to check Python code syntax and style conventions
-- Configured 'flake8' exclude dirs and/or files: 
-- Added test 'lint_cmake' to check CMake code style
-- Added test 'pep257' to check Python code against some of the docstring style conventions in PEP 257
-- Added test 'xmllint' to check XML markup files
-- Configuring done (1.6s)
-- Generating done (0.0s)
-- Build files have been written to: /home/express/Code/2024-2025-Robot-Code/build/RS_Package
-- Install configuration: ""
-- Up-to-date: /home/express/Code/2024-2025-Robot-Code/install/RS_Package/share/RS_Package
-- Installing: /home/express/Code/2024-2025-Robot-Code/install/RS_Package/share/RS_Package/controller_turtle.launch.py
-- Up-to-date: /home/express/Code/2024-2025-Robot-Code/install/RS_Package/share/RS_Package
-- Installing: /home/express/Code/2024-2025-Robot-Code/install/RS_Package/share/RS_Package/ps3.config.yaml
-- Installing: /home/express/Code/2024-2025-Robot-Code/install/RS_Package/share/ament_index/resource_index/package_run_dependencies/RS_Package
-- Installing: /home/express/Code/2024-2025-Robot-Code/install/RS_Package/share/ament_index/resource_index/parent_prefix_path/RS_Package
-- Installing: /home/express/Code/2024-2025-Robot-Code/install/RS_Package/share/RS_Package/environment/ament_prefix_path.sh
-- Installing: /home/express/Code/2024-2025-Robot-Code/install/RS_Package/share/RS_Package/environment/ament_prefix_path.dsv
-- Installing: /home/express/Code/2024-2025-Robot-Code/install/RS_Package/share/RS_Package/environment/path.sh
-- Installing: /home/express/Code/2024-2025-Robot-Code/install/RS_Package/share/RS_Package/environment/path.dsv
-- Installing: /home/express/Code/2024-2025-Robot-Code/install/RS_Package/share/RS_Package/local_setup.bash
-- Installing: /home/express/Code/2024-2025-Robot-Code/install/RS_Package/share/RS_Package/local_setup.sh
-- Installing: /home/express/Code/2024-2025-Robot-Code/install/RS_Package/share/RS_Package/local_setup.zsh
-- Installing: /home/express/Code/2024-2025-Robot-Code/install/RS_Package/share/RS_Package/local_setup.dsv
-- Installing: /home/express/Code/2024-2025-Robot-Code/install/RS_Package/share/RS_Package/package.dsv
-- Installing: /home/express/Code/2024-2025-Robot-Code/install/RS_Package/share/ament_index/resource_index/packages/RS_Package
-- Installing: /home/express/Code/2024-2025-Robot-Code/install/RS_Package/share/RS_Package/cmake/RS_PackageConfig.cmake
-- Installing: /home/express/Code/2024-2025-Robot-Code/install/RS_Package/share/RS_Package/cmake/RS_PackageConfig-version.cmake
-- Installing: /home/express/Code/2024-2025-Robot-Code/install/RS_Package/share/RS_Package/package.xml
