[0.022s] Invoking command in '/home/express/Code/2024-2025-Robot-Code/build/RS_Package': CMAKE_PREFIX_PATH=${CMAKE_PREFIX_PATH}:/opt/ros/jazzy DEBUGINFOD_URLS=https://debuginfod.ubuntu.com /usr/bin/cmake /home/express/Code/2024-2025-Robot-Code/ROS/RS_Package -DCMAKE_INSTALL_PREFIX=/home/express/Code/2024-2025-Robot-Code/install/RS_Package
[0.057s] -- Found ament_cmake: 2.5.2 (/opt/ros/jazzy/share/ament_cmake/cmake)
[0.522s] -- Found rclcpp: 28.1.5 (/opt/ros/jazzy/share/rclcpp/cmake)
[0.604s] -- Found rosidl_generator_c: 4.6.4 (/opt/ros/jazzy/share/rosidl_generator_c/cmake)
[0.626s] -- Found rosidl_generator_cpp: 4.6.4 (/opt/ros/jazzy/share/rosidl_generator_cpp/cmake)
[0.653s] -- Using all available rosidl_typesupport_c: rosidl_typesupport_fastrtps_c;rosidl_typesupport_introspection_c
[0.685s] -- Using all available rosidl_typesupport_cpp: rosidl_typesupport_fastrtps_cpp;rosidl_typesupport_introspection_cpp
[0.826s] -- Found rmw_implementation_cmake: 7.3.1 (/opt/ros/jazzy/share/rmw_implementation_cmake/cmake)
[0.829s] -- Found rmw_fastrtps_cpp: 8.4.1 (/opt/ros/jazzy/share/rmw_fastrtps_cpp/cmake)
[0.966s] -- Using RMW implementation 'rmw_fastrtps_cpp' as default
[1.109s] -- Found joy: 3.3.0 (/opt/ros/jazzy/share/joy/cmake)
[1.246s] -- Found teleop_twist_joy: 2.6.2 (/opt/ros/jazzy/share/teleop_twist_joy/cmake)
[1.250s] -- Found ament_lint_auto: 0.17.1 (/opt/ros/jazzy/share/ament_lint_auto/cmake)
[1.401s] WARNING: Package name "RS_Package" does not follow the naming conventions. It should start with a lower case letter and only contain lower case letters, digits, underscores, and dashes.
[1.611s] -- Added test 'flake8' to check Python code syntax and style conventions
[1.611s] -- Configured 'flake8' exclude dirs and/or files: 
[1.612s] -- Added test 'lint_cmake' to check CMake code style
[1.614s] -- Added test 'pep257' to check Python code against some of the docstring style conventions in PEP 257
[1.616s] -- Added test 'xmllint' to check XML markup files
[1.620s] -- Configuring done (1.6s)
[1.630s] -- Generating done (0.0s)
[1.639s] -- Build files have been written to: /home/express/Code/2024-2025-Robot-Code/build/RS_Package
[1.655s] Invoked command in '/home/express/Code/2024-2025-Robot-Code/build/RS_Package' returned '0': CMAKE_PREFIX_PATH=${CMAKE_PREFIX_PATH}:/opt/ros/jazzy DEBUGINFOD_URLS=https://debuginfod.ubuntu.com /usr/bin/cmake /home/express/Code/2024-2025-Robot-Code/ROS/RS_Package -DCMAKE_INSTALL_PREFIX=/home/express/Code/2024-2025-Robot-Code/install/RS_Package
[1.658s] Invoking command in '/home/express/Code/2024-2025-Robot-Code/build/RS_Package': CMAKE_PREFIX_PATH=${CMAKE_PREFIX_PATH}:/opt/ros/jazzy DEBUGINFOD_URLS=https://debuginfod.ubuntu.com /usr/bin/cmake --build /home/express/Code/2024-2025-Robot-Code/build/RS_Package -- -j24 -l24
[1.764s] Invoked command in '/home/express/Code/2024-2025-Robot-Code/build/RS_Package' returned '0': CMAKE_PREFIX_PATH=${CMAKE_PREFIX_PATH}:/opt/ros/jazzy DEBUGINFOD_URLS=https://debuginfod.ubuntu.com /usr/bin/cmake --build /home/express/Code/2024-2025-Robot-Code/build/RS_Package -- -j24 -l24
[1.848s] Invoking command in '/home/express/Code/2024-2025-Robot-Code/build/RS_Package': CMAKE_PREFIX_PATH=${CMAKE_PREFIX_PATH}:/opt/ros/jazzy DEBUGINFOD_URLS=https://debuginfod.ubuntu.com /usr/bin/cmake --install /home/express/Code/2024-2025-Robot-Code/build/RS_Package
[1.870s] -- Install configuration: ""
[1.870s] -- Up-to-date: /home/express/Code/2024-2025-Robot-Code/install/RS_Package/share/RS_Package
[1.871s] -- Installing: /home/express/Code/2024-2025-Robot-Code/install/RS_Package/share/RS_Package/controller_turtle.launch.py
[1.871s] -- Up-to-date: /home/express/Code/2024-2025-Robot-Code/install/RS_Package/share/RS_Package
[1.871s] -- Installing: /home/express/Code/2024-2025-Robot-Code/install/RS_Package/share/RS_Package/ps3.config.yaml
[1.872s] -- Installing: /home/express/Code/2024-2025-Robot-Code/install/RS_Package/share/ament_index/resource_index/package_run_dependencies/RS_Package
[1.872s] -- Installing: /home/express/Code/2024-2025-Robot-Code/install/RS_Package/share/ament_index/resource_index/parent_prefix_path/RS_Package
[1.873s] -- Installing: /home/express/Code/2024-2025-Robot-Code/install/RS_Package/share/RS_Package/environment/ament_prefix_path.sh
[1.873s] -- Installing: /home/express/Code/2024-2025-Robot-Code/install/RS_Package/share/RS_Package/environment/ament_prefix_path.dsv
[1.873s] -- Installing: /home/express/Code/2024-2025-Robot-Code/install/RS_Package/share/RS_Package/environment/path.sh
[1.873s] -- Installing: /home/express/Code/2024-2025-Robot-Code/install/RS_Package/share/RS_Package/environment/path.dsv
[1.874s] -- Installing: /home/express/Code/2024-2025-Robot-Code/install/RS_Package/share/RS_Package/local_setup.bash
[1.874s] -- Installing: /home/express/Code/2024-2025-Robot-Code/install/RS_Package/share/RS_Package/local_setup.sh
[1.874s] -- Installing: /home/express/Code/2024-2025-Robot-Code/install/RS_Package/share/RS_Package/local_setup.zsh
[1.874s] -- Installing: /home/express/Code/2024-2025-Robot-Code/install/RS_Package/share/RS_Package/local_setup.dsv
[1.875s] -- Installing: /home/express/Code/2024-2025-Robot-Code/install/RS_Package/share/RS_Package/package.dsv
[1.875s] -- Installing: /home/express/Code/2024-2025-Robot-Code/install/RS_Package/share/ament_index/resource_index/packages/RS_Package
[1.875s] -- Installing: /home/express/Code/2024-2025-Robot-Code/install/RS_Package/share/RS_Package/cmake/RS_PackageConfig.cmake
[1.875s] -- Installing: /home/express/Code/2024-2025-Robot-Code/install/RS_Package/share/RS_Package/cmake/RS_PackageConfig-version.cmake
[1.876s] -- Installing: /home/express/Code/2024-2025-Robot-Code/install/RS_Package/share/RS_Package/package.xml
[1.879s] Invoked command in '/home/express/Code/2024-2025-Robot-Code/build/RS_Package' returned '0': CMAKE_PREFIX_PATH=${CMAKE_PREFIX_PATH}:/opt/ros/jazzy DEBUGINFOD_URLS=https://debuginfod.ubuntu.com /usr/bin/cmake --install /home/express/Code/2024-2025-Robot-Code/build/RS_Package
