-- Install configuration: ""
-- Up-to-date: /home/express/Code/2024-2025-Robot-Code/install/RS_Package/share/RS_Package
-- Installing: /home/express/Code/2024-2025-Robot-Code/install/RS_Package/share/RS_Package/controller_turtle.launch.py
-- Up-to-date: /home/express/Code/2024-2025-Robot-Code/install/RS_Package/share/RS_Package
-- Installing: /home/express/Code/2024-2025-Robot-Code/install/RS_Package/share/RS_Package/ps3.config.yaml
-- Up-to-date: /home/express/Code/2024-2025-Robot-Code/install/RS_Package/share/ament_index/resource_index/package_run_dependencies/RS_Package
-- Up-to-date: /home/express/Code/2024-2025-Robot-Code/install/RS_Package/share/ament_index/resource_index/parent_prefix_path/RS_Package
-- Up-to-date: /home/express/Code/2024-2025-Robot-Code/install/RS_Package/share/RS_Package/environment/ament_prefix_path.sh
-- Up-to-date: /home/express/Code/2024-2025-Robot-Code/install/RS_Package/share/RS_Package/environment/ament_prefix_path.dsv
-- Up-to-date: /home/express/Code/2024-2025-Robot-Code/install/RS_Package/share/RS_Package/environment/path.sh
-- Up-to-date: /home/express/Code/2024-2025-Robot-Code/install/RS_Package/share/RS_Package/environment/path.dsv
-- Up-to-date: /home/express/Code/2024-2025-Robot-Code/install/RS_Package/share/RS_Package/local_setup.bash
-- Up-to-date: /home/express/Code/2024-2025-Robot-Code/install/RS_Package/share/RS_Package/local_setup.sh
-- Up-to-date: /home/express/Code/2024-2025-Robot-Code/install/RS_Package/share/RS_Package/local_setup.zsh
-- Up-to-date: /home/express/Code/2024-2025-Robot-Code/install/RS_Package/share/RS_Package/local_setup.dsv
-- Installing: /home/express/Code/2024-2025-Robot-Code/install/RS_Package/share/RS_Package/package.dsv
-- Up-to-date: /home/express/Code/2024-2025-Robot-Code/install/RS_Package/share/ament_index/resource_index/packages/RS_Package
-- Up-to-date: /home/express/Code/2024-2025-Robot-Code/install/RS_Package/share/RS_Package/cmake/RS_PackageConfig.cmake
-- Up-to-date: /home/express/Code/2024-2025-Robot-Code/install/RS_Package/share/RS_Package/cmake/RS_PackageConfig-version.cmake
-- Up-to-date: /home/express/Code/2024-2025-Robot-Code/install/RS_Package/share/RS_Package/package.xml
