[0.024s] Invoking command in '/home/express/Code/2024-2025-Robot-Code/build/RS_Package': CMAKE_PREFIX_PATH=${CMAKE_PREFIX_PATH}:/opt/ros/jazzy DEBUGINFOD_URLS=https://debuginfod.ubuntu.com /usr/bin/cmake --build /home/express/Code/2024-2025-Robot-Code/build/RS_Package -- -j24 -l24
[0.110s] Invoked command in '/home/express/Code/2024-2025-Robot-Code/build/RS_Package' returned '0': CMAKE_PREFIX_PATH=${CMAKE_PREFIX_PATH}:/opt/ros/jazzy DEBUGINFOD_URLS=https://debuginfod.ubuntu.com /usr/bin/cmake --build /home/express/Code/2024-2025-Robot-Code/build/RS_Package -- -j24 -l24
[0.180s] Invoking command in '/home/express/Code/2024-2025-Robot-Code/build/RS_Package': CMAKE_PREFIX_PATH=${CMAKE_PREFIX_PATH}:/opt/ros/jazzy DEBUGINFOD_URLS=https://debuginfod.ubuntu.com /usr/bin/cmake --install /home/express/Code/2024-2025-Robot-Code/build/RS_Package
[0.200s] -- Install configuration: ""
[0.201s] -- Up-to-date: /home/express/Code/2024-2025-Robot-Code/install/RS_Package/share/RS_Package
[0.202s] -- Installing: /home/express/Code/2024-2025-Robot-Code/install/RS_Package/share/RS_Package/controller_turtle.launch.py
[0.202s] -- Up-to-date: /home/express/Code/2024-2025-Robot-Code/install/RS_Package/share/RS_Package
[0.203s] -- Installing: /home/express/Code/2024-2025-Robot-Code/install/RS_Package/share/RS_Package/ps3.config.yaml
[0.203s] -- Up-to-date: /home/express/Code/2024-2025-Robot-Code/install/RS_Package/share/ament_index/resource_index/package_run_dependencies/RS_Package
[0.204s] -- Up-to-date: /home/express/Code/2024-2025-Robot-Code/install/RS_Package/share/ament_index/resource_index/parent_prefix_path/RS_Package
[0.205s] -- Up-to-date: /home/express/Code/2024-2025-Robot-Code/install/RS_Package/share/RS_Package/environment/ament_prefix_path.sh
[0.206s] -- Up-to-date: /home/express/Code/2024-2025-Robot-Code/install/RS_Package/share/RS_Package/environment/ament_prefix_path.dsv
[0.208s] -- Up-to-date: /home/express/Code/2024-2025-Robot-Code/install/RS_Package/share/RS_Package/environment/path.sh
[0.209s] -- Up-to-date: /home/express/Code/2024-2025-Robot-Code/install/RS_Package/share/RS_Package/environment/path.dsv
[0.210s] -- Up-to-date: /home/express/Code/2024-2025-Robot-Code/install/RS_Package/share/RS_Package/local_setup.bash
[0.211s] -- Up-to-date: /home/express/Code/2024-2025-Robot-Code/install/RS_Package/share/RS_Package/local_setup.sh
[0.211s] -- Up-to-date: /home/express/Code/2024-2025-Robot-Code/install/RS_Package/share/RS_Package/local_setup.zsh
[0.213s] -- Up-to-date: /home/express/Code/2024-2025-Robot-Code/install/RS_Package/share/RS_Package/local_setup.dsv
[0.214s] -- Installing: /home/express/Code/2024-2025-Robot-Code/install/RS_Package/share/RS_Package/package.dsv
[0.215s] -- Up-to-date: /home/express/Code/2024-2025-Robot-Code/install/RS_Package/share/ament_index/resource_index/packages/RS_Package
[0.216s] -- Up-to-date: /home/express/Code/2024-2025-Robot-Code/install/RS_Package/share/RS_Package/cmake/RS_PackageConfig.cmake
[0.216s] -- Up-to-date: /home/express/Code/2024-2025-Robot-Code/install/RS_Package/share/RS_Package/cmake/RS_PackageConfig-version.cmake
[0.217s] -- Up-to-date: /home/express/Code/2024-2025-Robot-Code/install/RS_Package/share/RS_Package/package.xml
[0.218s] Invoked command in '/home/express/Code/2024-2025-Robot-Code/build/RS_Package' returned '0': CMAKE_PREFIX_PATH=${CMAKE_PREFIX_PATH}:/opt/ros/jazzy DEBUGINFOD_URLS=https://debuginfod.ubuntu.com /usr/bin/cmake --install /home/express/Code/2024-2025-Robot-Code/build/RS_Package
