[0.023s] Invoking command in '/home/express/Code/2024-2025-Robot-Code/build/rs_package': CMAKE_PREFIX_PATH=${CMAKE_PREFIX_PATH}:/opt/ros/jazzy DEBUGINFOD_URLS=https://debuginfod.ubuntu.com /usr/bin/cmake /home/express/Code/2024-2025-Robot-Code/ROS/RS_Package -DCMAKE_INSTALL_PREFIX=/home/express/Code/2024-2025-Robot-Code/install/rs_package
[0.056s] -- Found ament_cmake: 2.5.2 (/opt/ros/jazzy/share/ament_cmake/cmake)
[0.537s] -- Found rclcpp: 28.1.5 (/opt/ros/jazzy/share/rclcpp/cmake)
[0.618s] -- Found rosidl_generator_c: 4.6.4 (/opt/ros/jazzy/share/rosidl_generator_c/cmake)
[0.640s] -- Found rosidl_generator_cpp: 4.6.4 (/opt/ros/jazzy/share/rosidl_generator_cpp/cmake)
[0.668s] -- Using all available rosidl_typesupport_c: rosidl_typesupport_fastrtps_c;rosidl_typesupport_introspection_c
[0.699s] -- Using all available rosidl_typesupport_cpp: rosidl_typesupport_fastrtps_cpp;rosidl_typesupport_introspection_cpp
[0.840s] -- Found rmw_implementation_cmake: 7.3.1 (/opt/ros/jazzy/share/rmw_implementation_cmake/cmake)
[0.843s] -- Found rmw_fastrtps_cpp: 8.4.1 (/opt/ros/jazzy/share/rmw_fastrtps_cpp/cmake)
[0.991s] -- Using RMW implementation 'rmw_fastrtps_cpp' as default
[1.133s] -- Found joy: 3.3.0 (/opt/ros/jazzy/share/joy/cmake)
[1.270s] -- Found teleop_twist_joy: 2.6.2 (/opt/ros/jazzy/share/teleop_twist_joy/cmake)
[1.274s] -- Found ament_lint_auto: 0.17.1 (/opt/ros/jazzy/share/ament_lint_auto/cmake)
[1.656s] -- Added test 'flake8' to check Python code syntax and style conventions
[1.657s] -- Configured 'flake8' exclude dirs and/or files: 
[1.658s] -- Added test 'lint_cmake' to check CMake code style
[1.660s] -- Added test 'pep257' to check Python code against some of the docstring style conventions in PEP 257
[1.662s] -- Added test 'xmllint' to check XML markup files
[1.666s] -- Configuring done (1.6s)
[1.675s] -- Generating done (0.0s)
[1.680s] -- Build files have been written to: /home/express/Code/2024-2025-Robot-Code/build/rs_package
[1.694s] Invoked command in '/home/express/Code/2024-2025-Robot-Code/build/rs_package' returned '0': CMAKE_PREFIX_PATH=${CMAKE_PREFIX_PATH}:/opt/ros/jazzy DEBUGINFOD_URLS=https://debuginfod.ubuntu.com /usr/bin/cmake /home/express/Code/2024-2025-Robot-Code/ROS/RS_Package -DCMAKE_INSTALL_PREFIX=/home/express/Code/2024-2025-Robot-Code/install/rs_package
[1.699s] Invoking command in '/home/express/Code/2024-2025-Robot-Code/build/rs_package': CMAKE_PREFIX_PATH=${CMAKE_PREFIX_PATH}:/opt/ros/jazzy DEBUGINFOD_URLS=https://debuginfod.ubuntu.com /usr/bin/cmake --build /home/express/Code/2024-2025-Robot-Code/build/rs_package -- -j24 -l24
[1.809s] Invoked command in '/home/express/Code/2024-2025-Robot-Code/build/rs_package' returned '0': CMAKE_PREFIX_PATH=${CMAKE_PREFIX_PATH}:/opt/ros/jazzy DEBUGINFOD_URLS=https://debuginfod.ubuntu.com /usr/bin/cmake --build /home/express/Code/2024-2025-Robot-Code/build/rs_package -- -j24 -l24
[1.893s] Invoking command in '/home/express/Code/2024-2025-Robot-Code/build/rs_package': CMAKE_PREFIX_PATH=${CMAKE_PREFIX_PATH}:/opt/ros/jazzy DEBUGINFOD_URLS=https://debuginfod.ubuntu.com /usr/bin/cmake --install /home/express/Code/2024-2025-Robot-Code/build/rs_package
[1.915s] -- Install configuration: ""
[1.916s] -- Up-to-date: /home/express/Code/2024-2025-Robot-Code/install/rs_package/share/rs_package
[1.917s] -- Installing: /home/express/Code/2024-2025-Robot-Code/install/rs_package/share/rs_package/controller_turtle.launch.py
[1.917s] -- Up-to-date: /home/express/Code/2024-2025-Robot-Code/install/rs_package/share/rs_package
[1.918s] -- Installing: /home/express/Code/2024-2025-Robot-Code/install/rs_package/share/rs_package/ps3.config.yaml
[1.919s] -- Installing: /home/express/Code/2024-2025-Robot-Code/install/rs_package/share/ament_index/resource_index/package_run_dependencies/rs_package
[1.919s] -- Installing: /home/express/Code/2024-2025-Robot-Code/install/rs_package/share/ament_index/resource_index/parent_prefix_path/rs_package
[1.920s] -- Installing: /home/express/Code/2024-2025-Robot-Code/install/rs_package/share/rs_package/environment/ament_prefix_path.sh
[1.920s] -- Installing: /home/express/Code/2024-2025-Robot-Code/install/rs_package/share/rs_package/environment/ament_prefix_path.dsv
[1.921s] -- Installing: /home/express/Code/2024-2025-Robot-Code/install/rs_package/share/rs_package/environment/path.sh
[1.921s] -- Installing: /home/express/Code/2024-2025-Robot-Code/install/rs_package/share/rs_package/environment/path.dsv
[1.922s] -- Installing: /home/express/Code/2024-2025-Robot-Code/install/rs_package/share/rs_package/local_setup.bash
[1.922s] -- Installing: /home/express/Code/2024-2025-Robot-Code/install/rs_package/share/rs_package/local_setup.sh
[1.922s] -- Installing: /home/express/Code/2024-2025-Robot-Code/install/rs_package/share/rs_package/local_setup.zsh
[1.923s] -- Installing: /home/express/Code/2024-2025-Robot-Code/install/rs_package/share/rs_package/local_setup.dsv
[1.924s] -- Installing: /home/express/Code/2024-2025-Robot-Code/install/rs_package/share/rs_package/package.dsv
[1.927s] -- Installing: /home/express/Code/2024-2025-Robot-Code/install/rs_package/share/ament_index/resource_index/packages/rs_package
[1.928s] -- Installing: /home/express/Code/2024-2025-Robot-Code/install/rs_package/share/rs_package/cmake/rs_packageConfig.cmake
[1.928s] -- Installing: /home/express/Code/2024-2025-Robot-Code/install/rs_package/share/rs_package/cmake/rs_packageConfig-version.cmake
[1.930s] -- Installing: /home/express/Code/2024-2025-Robot-Code/install/rs_package/share/rs_package/package.xml
[1.931s] Invoked command in '/home/express/Code/2024-2025-Robot-Code/build/rs_package' returned '0': CMAKE_PREFIX_PATH=${CMAKE_PREFIX_PATH}:/opt/ros/jazzy DEBUGINFOD_URLS=https://debuginfod.ubuntu.com /usr/bin/cmake --install /home/express/Code/2024-2025-Robot-Code/build/rs_package
