[0.025s] Invoking command in '/home/express/Code/2024-2025-Robot-Code/build/RS_Package': CMAKE_PREFIX_PATH=${CMAKE_PREFIX_PATH}:/opt/ros/jazzy DEBUGINFOD_URLS=https://debuginfod.ubuntu.com /usr/bin/cmake /home/express/Code/2024-2025-Robot-Code/ROS/RS_Package -DCMAKE_INSTALL_PREFIX=/home/express/Code/2024-2025-Robot-Code/install/RS_Package
[0.161s] -- The C compiler identification is GNU 13.2.0
[0.294s] -- The CXX compiler identification is GNU 13.2.0
[0.340s] -- Detecting C compiler ABI info
[0.577s] -- Detecting C compiler ABI info - done
[0.617s] -- Check for working C compiler: /usr/bin/cc - skipped
[0.618s] -- Detecting C compile features
[0.619s] -- Detecting C compile features - done
[0.649s] -- Detecting CXX compiler ABI info
[0.913s] -- Detecting CXX compiler ABI info - done
[0.953s] -- Check for working CXX compiler: /usr/bin/c++ - skipped
[0.954s] -- Detecting CXX compile features
[0.956s] -- Detecting CXX compile features - done
[0.969s] -- Found ament_cmake: 2.5.2 (/opt/ros/jazzy/share/ament_cmake/cmake)
[1.314s] -- Found Python3: /usr/bin/python3 (found version "3.12.3") found components: Interpreter 
[1.594s] -- Found rclcpp: 28.1.5 (/opt/ros/jazzy/share/rclcpp/cmake)
[1.701s] -- Found rosidl_generator_c: 4.6.4 (/opt/ros/jazzy/share/rosidl_generator_c/cmake)
[1.740s] -- Found rosidl_generator_cpp: 4.6.4 (/opt/ros/jazzy/share/rosidl_generator_cpp/cmake)
[1.783s] -- Using all available rosidl_typesupport_c: rosidl_typesupport_fastrtps_c;rosidl_typesupport_introspection_c
[1.831s] -- Using all available rosidl_typesupport_cpp: rosidl_typesupport_fastrtps_cpp;rosidl_typesupport_introspection_cpp
[2.025s] -- Found rmw_implementation_cmake: 7.3.1 (/opt/ros/jazzy/share/rmw_implementation_cmake/cmake)
[2.034s] -- Found rmw_fastrtps_cpp: 8.4.1 (/opt/ros/jazzy/share/rmw_fastrtps_cpp/cmake)
[2.239s] -- Found OpenSSL: /usr/lib/x86_64-linux-gnu/libcrypto.so (found version "3.0.13")  
[2.286s] -- Found FastRTPS: /opt/ros/jazzy/include (Required is at least version "2.13") 
[2.338s] -- Using RMW implementation 'rmw_fastrtps_cpp' as default
[2.518s] -- Found joy: 3.3.0 (/opt/ros/jazzy/share/joy/cmake)
[2.688s] -- Found teleop_twist_joy: 2.6.2 (/opt/ros/jazzy/share/teleop_twist_joy/cmake)
[2.697s] -- Found ament_lint_auto: 0.17.1 (/opt/ros/jazzy/share/ament_lint_auto/cmake)
[2.848s] WARNING: Package name "RS_Package" does not follow the naming conventions. It should start with a lower case letter and only contain lower case letters, digits, underscores, and dashes.
[2.868s] [31mCMake Error at /opt/ros/jazzy/share/ament_cmake_core/cmake/core/ament_package_xml.cmake:53 (message):
[2.869s]   ament_package_xml() package name 'RS_Package' in '/package.xml' does not
[2.869s]   match current PROJECT_NAME 'TS_Package'.  You must call project() with the
[2.870s]   same package name before.
[2.870s] Call Stack (most recent call first):
[2.871s]   /opt/ros/jazzy/share/ament_lint_auto/cmake/ament_lint_auto_find_test_dependencies.cmake:31 (ament_package_xml)
[2.871s]   CMakeLists.txt:24 (ament_lint_auto_find_test_dependencies)
[2.871s] 
[2.872s] [0m
[2.872s] -- Configuring incomplete, errors occurred!
[2.892s] Invoked command in '/home/express/Code/2024-2025-Robot-Code/build/RS_Package' returned '1': CMAKE_PREFIX_PATH=${CMAKE_PREFIX_PATH}:/opt/ros/jazzy DEBUGINFOD_URLS=https://debuginfod.ubuntu.com /usr/bin/cmake /home/express/Code/2024-2025-Robot-Code/ROS/RS_Package -DCMAKE_INSTALL_PREFIX=/home/express/Code/2024-2025-Robot-Code/install/RS_Package
